{
  "RSpec": {
    "coverage": {
      "/home/rails/Desktop/countries_test_job/app/helpers/application_helper.rb": [
        1,
        null
      ],
      "/home/rails/Desktop/countries_test_job/app/helpers/countries_helper.rb": [
        1,
        null
      ],
      "/home/rails/Desktop/countries_test_job/app/controllers/countries_controller.rb": [
        1,
        1,
        1,
        1,
        2,
        2,
        1,
        null,
        null,
        2,
        null,
        null,
        1,
        2,
        1,
        null,
        1,
        null,
        2,
        null,
        null,
        1,
        3,
        2,
        null,
        1,
        null,
        null,
        null,
        1,
        null,
        1,
        4,
        null,
        null,
        1,
        3,
        null,
        null,
        1,
        4,
        4,
        null,
        null,
        1,
        4,
        null,
        null
      ],
      "/home/rails/Desktop/countries_test_job/app/controllers/application_controller.rb": [
        1,
        null
      ],
      "/home/rails/Desktop/countries_test_job/app/models/country.rb": [
        1,
        1,
        27,
        1,
        null
      ],
      "/home/rails/Desktop/countries_test_job/app/models/application_record.rb": [
        1,
        1,
        null
      ],
      "/home/rails/Desktop/countries_test_job/app/models/currency.rb": [
        1,
        1,
        1,
        null
      ],
      "/home/rails/Desktop/countries_test_job/app/jobs/application_job.rb": [
        0,
        0
      ],
      "/home/rails/Desktop/countries_test_job/app/channels/application_cable/channel.rb": [
        0,
        0,
        0,
        0
      ],
      "/home/rails/Desktop/countries_test_job/app/channels/application_cable/connection.rb": [
        0,
        0,
        0,
        0
      ],
      "/home/rails/Desktop/countries_test_job/app/mailers/application_mailer.rb": [
        0,
        0,
        0,
        0
      ]
    },
    "timestamp": 1697033008
  }
}
